TN:
SF:C:\Users\Alex\Desktop\cycle31-project\BOOK-A-MEAL\SERVER\spec\test.js
FN:11,(anonymous_0)
FN:12,(anonymous_1)
FN:13,(anonymous_2)
FN:20,(anonymous_3)
FN:35,(anonymous_4)
FN:42,(anonymous_5)
FN:57,(anonymous_6)
FN:64,(anonymous_7)
FN:73,(anonymous_8)
FNF:9
FNH:9
FNDA:1,(anonymous_0)
FNDA:1,(anonymous_1)
FNDA:1,(anonymous_2)
FNDA:1,(anonymous_3)
FNDA:1,(anonymous_4)
FNDA:1,(anonymous_5)
FNDA:1,(anonymous_6)
FNDA:1,(anonymous_7)
FNDA:1,(anonymous_8)
DA:6,1
DA:7,1
DA:11,1
DA:12,1
DA:13,1
DA:14,1
DA:20,1
DA:21,1
DA:31,1
DA:36,1
DA:37,1
DA:38,1
DA:42,1
DA:43,1
DA:53,1
DA:58,1
DA:59,1
DA:60,1
DA:64,1
DA:65,1
DA:69,1
DA:74,1
DA:75,1
DA:76,1
LF:24
LH:24
BRF:0
BRH:0
end_of_record
