TN:
SF:C:\Users\Alex\Desktop\cycle31-project\BOOK-A-MEAL\SERVER\specs\test.js
FN:14,(anonymous_0)
FN:15,(anonymous_1)
FN:16,(anonymous_2)
FN:31,(anonymous_3)
FN:38,(anonymous_4)
FN:54,(anonymous_5)
FN:61,(anonymous_6)
FN:70,(anonymous_7)
FN:79,(anonymous_8)
FN:88,(anonymous_9)
FN:96,(anonymous_10)
FN:105,(anonymous_11)
FN:112,(anonymous_12)
FN:121,(anonymous_13)
FN:128,(anonymous_14)
FN:144,(anonymous_15)
FN:151,(anonymous_16)
FN:167,(anonymous_17)
FNF:18
FNH:18
FNDA:1,(anonymous_0)
FNDA:1,(anonymous_1)
FNDA:1,(anonymous_2)
FNDA:1,(anonymous_3)
FNDA:1,(anonymous_4)
FNDA:1,(anonymous_5)
FNDA:1,(anonymous_6)
FNDA:1,(anonymous_7)
FNDA:1,(anonymous_8)
FNDA:1,(anonymous_9)
FNDA:1,(anonymous_10)
FNDA:1,(anonymous_11)
FNDA:1,(anonymous_12)
FNDA:1,(anonymous_13)
FNDA:1,(anonymous_14)
FNDA:1,(anonymous_15)
FNDA:1,(anonymous_16)
FNDA:1,(anonymous_17)
DA:6,1
DA:7,1
DA:14,1
DA:15,1
DA:16,1
DA:17,1
DA:27,1
DA:32,1
DA:33,1
DA:34,1
DA:38,1
DA:39,1
DA:50,1
DA:55,1
DA:56,1
DA:57,1
DA:61,1
DA:62,1
DA:66,1
DA:71,1
DA:72,1
DA:74,1
DA:75,1
DA:79,1
DA:80,1
DA:84,1
DA:89,1
DA:90,1
DA:91,1
DA:92,1
DA:96,1
DA:97,1
DA:101,1
DA:106,1
DA:107,1
DA:108,1
DA:112,1
DA:113,1
DA:117,1
DA:122,1
DA:123,1
DA:124,1
DA:128,1
DA:129,1
DA:140,1
DA:145,1
DA:146,1
DA:147,1
DA:151,1
DA:152,1
DA:163,1
DA:168,1
DA:169,1
LF:53
LH:53
BRF:0
BRH:0
end_of_record
TN:
SF:C:\Users\Alex\Desktop\cycle31-project\BOOK-A-MEAL\SERVER\src\controller\user-auth.js
FN:8,(anonymous_0)
FN:12,(anonymous_1)
FN:17,(anonymous_2)
FNF:3
FNH:3
FNDA:4,(anonymous_0)
FNDA:6,(anonymous_1)
FNDA:3,(anonymous_2)
DA:11,4
DA:12,6
DA:13,4
DA:14,1
DA:16,3
DA:17,3
DA:18,3
DA:19,2
DA:23,1
LF:9
LH:9
BRDA:13,0,0,1
BRDA:13,0,1,3
BRDA:18,1,0,2
BRDA:18,1,1,1
BRF:4
BRH:4
end_of_record
TN:
SF:C:\Users\Alex\Desktop\cycle31-project\BOOK-A-MEAL\SERVER\src\controller\user-creator.js
FN:5,(anonymous_0)
FN:13,(anonymous_1)
FNF:2
FNH:2
FNDA:3,(anonymous_0)
FNDA:3,(anonymous_1)
DA:6,3
DA:9,3
DA:11,3
DA:13,3
DA:15,3
DA:16,2
DA:19,2
DA:28,1
LF:8
LH:8
BRDA:15,0,0,2
BRDA:15,0,1,1
BRF:2
BRH:2
end_of_record
TN:
SF:C:\Users\Alex\Desktop\cycle31-project\BOOK-A-MEAL\SERVER\src\db\data.js
FNF:0
FNH:0
DA:1,1
LF:1
LH:1
BRF:0
BRH:0
end_of_record
TN:
SF:C:\Users\Alex\Desktop\cycle31-project\BOOK-A-MEAL\SERVER\src\middleware\encryption.js
FN:6,(anonymous_0)
FN:8,(anonymous_1)
FNF:2
FNH:2
FNDA:4,(anonymous_0)
FNDA:3,(anonymous_1)
DA:4,1
DA:6,1
DA:7,4
DA:8,4
DA:10,3
DA:12,3
LF:6
LH:6
BRF:0
BRH:0
end_of_record
TN:
SF:C:\Users\Alex\Desktop\cycle31-project\BOOK-A-MEAL\SERVER\src\middleware\validation.js
FN:7,(anonymous_0)
FN:14,(anonymous_1)
FN:21,(anonymous_2)
FN:30,(anonymous_3)
FN:37,(anonymous_4)
FN:51,(anonymous_5)
FNF:6
FNH:6
FNDA:4,(anonymous_0)
FNDA:4,(anonymous_1)
FNDA:4,(anonymous_2)
FNDA:4,(anonymous_3)
FNDA:4,(anonymous_4)
FNDA:4,(anonymous_5)
DA:3,1
DA:7,4
DA:14,4
DA:21,4
DA:30,4
DA:37,4
DA:42,1
DA:51,1
DA:52,4
DA:53,4
DA:54,1
DA:56,4
LF:12
LH:12
BRDA:53,0,0,1
BRDA:53,0,1,3
BRF:2
BRH:2
end_of_record
TN:
SF:C:\Users\Alex\Desktop\cycle31-project\BOOK-A-MEAL\SERVER\src\route\user.js
FNF:0
FNH:0
DA:7,1
DA:9,1
DA:17,1
LF:3
LH:3
BRF:0
BRH:0
end_of_record
